1764944409.673836 client started (932): version 3.5a, socket /tmp/tmux-1000/default, protocol 8
1764944409.673907 on Linux 6.6.87.2-microsoft-standard-WSL2 #1 SMP PREEMPT_DYNAMIC Thu Jun  5 18:30:46 UTC 2025
1764944409.673915 using libevent 2.1.12-stable poll
1764944409.673919 using ncurses 6.5 20250125
1764944409.673944 flags are 0x18010000
1764944409.673960 socket is /tmp/tmux-1000/default
1764944409.673976 trying connect
1764944409.673998 connect failed: No such file or directory
1764944409.674009 lock file is /tmp/tmux-1000/default.lock
1764944409.674033 flock succeeded
1764944409.674037 got lock (6)
1764944409.674046 trying connect
1764944409.674058 connect failed: No such file or directory
1764944409.674532 add peer 0x57c135973710: 7 ((nil))
1764944409.675229 sending message 111 to peer 0x57c135973710 (8 bytes)
1764944409.675252 sending message 111 to peer 0x57c135973710 (8 bytes)
1764944409.675258 sending message 101 to peer 0x57c135973710 (15 bytes)
1764944409.675263 sending message 109 to peer 0x57c135973710 (4 bytes)
1764944409.675267 sending message 102 to peer 0x57c135973710 (11 bytes)
1764944409.675271 sending message 108 to peer 0x57c135973710 (36 bytes)
1764944409.675276 sending message 112 to peer 0x57c135973710 (58 bytes)
1764944409.675280 sending message 112 to peer 0x57c135973710 (5 bytes)
1764944409.675284 sending message 112 to peer 0x57c135973710 (5 bytes)
1764944409.675288 sending message 112 to peer 0x57c135973710 (6 bytes)
1764944409.675292 sending message 112 to peer 0x57c135973710 (6 bytes)
1764944409.675296 sending message 112 to peer 0x57c135973710 (11 bytes)
1764944409.675300 sending message 112 to peer 0x57c135973710 (10 bytes)
1764944409.675304 sending message 112 to peer 0x57c135973710 (13 bytes)
1764944409.675308 sending message 112 to peer 0x57c135973710 (14 bytes)
1764944409.675312 sending message 112 to peer 0x57c135973710 (19 bytes)
1764944409.675317 sending message 112 to peer 0x57c135973710 (11 bytes)
1764944409.675322 sending message 112 to peer 0x57c135973710 (10 bytes)
1764944409.675326 sending message 112 to peer 0x57c135973710 (15 bytes)
1764944409.675330 sending message 112 to peer 0x57c135973710 (21 bytes)
1764944409.675334 sending message 112 to peer 0x57c135973710 (13 bytes)
1764944409.675338 sending message 112 to peer 0x57c135973710 (7 bytes)
1764944409.675342 sending message 112 to peer 0x57c135973710 (13 bytes)
1764944409.675345 sending message 112 to peer 0x57c135973710 (7 bytes)
1764944409.675349 sending message 112 to peer 0x57c135973710 (13 bytes)
1764944409.675354 sending message 112 to peer 0x57c135973710 (9 bytes)
1764944409.675358 sending message 112 to peer 0x57c135973710 (21 bytes)
1764944409.675362 sending message 112 to peer 0x57c135973710 (13 bytes)
1764944409.675366 sending message 112 to peer 0x57c135973710 (9 bytes)
1764944409.675370 sending message 112 to peer 0x57c135973710 (16 bytes)
1764944409.675374 sending message 112 to peer 0x57c135973710 (13 bytes)
1764944409.675378 sending message 112 to peer 0x57c135973710 (9 bytes)
1764944409.675382 sending message 112 to peer 0x57c135973710 (9 bytes)
1764944409.675386 sending message 112 to peer 0x57c135973710 (12 bytes)
1764944409.675390 sending message 112 to peer 0x57c135973710 (8 bytes)
1764944409.675395 sending message 112 to peer 0x57c135973710 (8 bytes)
1764944409.675399 sending message 112 to peer 0x57c135973710 (13 bytes)
1764944409.675403 sending message 112 to peer 0x57c135973710 (7 bytes)
1764944409.675407 sending message 112 to peer 0x57c135973710 (7 bytes)
1764944409.675411 sending message 112 to peer 0x57c135973710 (9 bytes)
1764944409.675415 sending message 112 to peer 0x57c135973710 (9 bytes)
1764944409.675419 sending message 112 to peer 0x57c135973710 (15 bytes)
1764944409.675423 sending message 112 to peer 0x57c135973710 (13 bytes)
1764944409.675427 sending message 112 to peer 0x57c135973710 (12 bytes)
1764944409.675431 sending message 112 to peer 0x57c135973710 (8 bytes)
1764944409.675435 sending message 112 to peer 0x57c135973710 (14 bytes)
1764944409.675439 sending message 112 to peer 0x57c135973710 (11 bytes)
1764944409.675455 sending message 112 to peer 0x57c135973710 (9 bytes)
1764944409.675459 sending message 112 to peer 0x57c135973710 (10 bytes)
1764944409.675464 sending message 112 to peer 0x57c135973710 (10 bytes)
1764944409.675468 sending message 112 to peer 0x57c135973710 (10 bytes)
1764944409.675472 sending message 112 to peer 0x57c135973710 (10 bytes)
1764944409.675476 sending message 112 to peer 0x57c135973710 (11 bytes)
1764944409.675479 sending message 112 to peer 0x57c135973710 (12 bytes)
1764944409.675483 sending message 112 to peer 0x57c135973710 (12 bytes)
1764944409.675487 sending message 112 to peer 0x57c135973710 (12 bytes)
1764944409.675491 sending message 112 to peer 0x57c135973710 (12 bytes)
1764944409.675496 sending message 112 to peer 0x57c135973710 (12 bytes)
1764944409.675500 sending message 112 to peer 0x57c135973710 (11 bytes)
1764944409.675504 sending message 112 to peer 0x57c135973710 (11 bytes)
1764944409.675509 sending message 112 to peer 0x57c135973710 (12 bytes)
1764944409.675514 sending message 112 to peer 0x57c135973710 (12 bytes)
1764944409.675518 sending message 112 to peer 0x57c135973710 (12 bytes)
1764944409.675522 sending message 112 to peer 0x57c135973710 (12 bytes)
1764944409.675526 sending message 112 to peer 0x57c135973710 (12 bytes)
1764944409.675531 sending message 112 to peer 0x57c135973710 (9 bytes)
1764944409.675535 sending message 112 to peer 0x57c135973710 (12 bytes)
1764944409.675539 sending message 112 to peer 0x57c135973710 (13 bytes)
1764944409.675544 sending message 112 to peer 0x57c135973710 (13 bytes)
1764944409.675548 sending message 112 to peer 0x57c135973710 (13 bytes)
1764944409.675552 sending message 112 to peer 0x57c135973710 (13 bytes)
1764944409.675556 sending message 112 to peer 0x57c135973710 (13 bytes)
1764944409.675560 sending message 112 to peer 0x57c135973710 (8 bytes)
1764944409.675565 sending message 112 to peer 0x57c135973710 (11 bytes)
1764944409.675569 sending message 112 to peer 0x57c135973710 (11 bytes)
1764944409.675574 sending message 112 to peer 0x57c135973710 (11 bytes)
1764944409.675578 sending message 112 to peer 0x57c135973710 (12 bytes)
1764944409.675582 sending message 112 to peer 0x57c135973710 (12 bytes)
1764944409.675586 sending message 112 to peer 0x57c135973710 (12 bytes)
1764944409.675590 sending message 112 to peer 0x57c135973710 (12 bytes)
1764944409.675594 sending message 112 to peer 0x57c135973710 (13 bytes)
1764944409.675599 sending message 112 to peer 0x57c135973710 (13 bytes)
1764944409.675603 sending message 112 to peer 0x57c135973710 (13 bytes)
1764944409.675607 sending message 112 to peer 0x57c135973710 (8 bytes)
1764944409.675612 sending message 112 to peer 0x57c135973710 (13 bytes)
1764944409.675616 sending message 112 to peer 0x57c135973710 (13 bytes)
1764944409.675620 sending message 112 to peer 0x57c135973710 (13 bytes)
1764944409.675624 sending message 112 to peer 0x57c135973710 (13 bytes)
1764944409.675628 sending message 112 to peer 0x57c135973710 (13 bytes)
1764944409.675633 sending message 112 to peer 0x57c135973710 (12 bytes)
1764944409.675637 sending message 112 to peer 0x57c135973710 (12 bytes)
1764944409.675641 sending message 112 to peer 0x57c135973710 (12 bytes)
1764944409.675646 sending message 112 to peer 0x57c135973710 (12 bytes)
1764944409.675650 sending message 112 to peer 0x57c135973710 (13 bytes)
1764944409.675654 sending message 112 to peer 0x57c135973710 (8 bytes)
1764944409.675658 sending message 112 to peer 0x57c135973710 (13 bytes)
1764944409.675663 sending message 112 to peer 0x57c135973710 (13 bytes)
1764944409.675667 sending message 112 to peer 0x57c135973710 (13 bytes)
1764944409.675671 sending message 112 to peer 0x57c135973710 (13 bytes)
1764944409.675675 sending message 112 to peer 0x57c135973710 (13 bytes)
1764944409.675680 sending message 112 to peer 0x57c135973710 (13 bytes)
1764944409.675685 sending message 112 to peer 0x57c135973710 (13 bytes)
1764944409.675690 sending message 112 to peer 0x57c135973710 (12 bytes)
1764944409.675695 sending message 112 to peer 0x57c135973710 (12 bytes)
1764944409.675704 sending message 112 to peer 0x57c135973710 (12 bytes)
1764944409.675710 sending message 112 to peer 0x57c135973710 (8 bytes)
1764944409.675715 sending message 112 to peer 0x57c135973710 (12 bytes)
1764944409.675720 sending message 112 to peer 0x57c135973710 (13 bytes)
1764944409.675724 sending message 112 to peer 0x57c135973710 (13 bytes)
1764944409.675729 sending message 112 to peer 0x57c135973710 (13 bytes)
1764944409.675734 sending message 112 to peer 0x57c135973710 (13 bytes)
1764944409.675739 sending message 112 to peer 0x57c135973710 (13 bytes)
1764944409.675744 sending message 112 to peer 0x57c135973710 (13 bytes)
1764944409.675748 sending message 112 to peer 0x57c135973710 (13 bytes)
1764944409.675753 sending message 112 to peer 0x57c135973710 (13 bytes)
1764944409.675758 sending message 112 to peer 0x57c135973710 (12 bytes)
1764944409.675762 sending message 112 to peer 0x57c135973710 (10 bytes)
1764944409.675766 sending message 112 to peer 0x57c135973710 (12 bytes)
1764944409.675771 sending message 112 to peer 0x57c135973710 (12 bytes)
1764944409.675775 sending message 112 to peer 0x57c135973710 (12 bytes)
1764944409.675779 sending message 112 to peer 0x57c135973710 (13 bytes)
1764944409.675784 sending message 112 to peer 0x57c135973710 (13 bytes)
1764944409.675788 sending message 112 to peer 0x57c135973710 (13 bytes)
1764944409.675792 sending message 112 to peer 0x57c135973710 (13 bytes)
1764944409.675796 sending message 112 to peer 0x57c135973710 (13 bytes)
1764944409.675801 sending message 112 to peer 0x57c135973710 (13 bytes)
1764944409.675805 sending message 112 to peer 0x57c135973710 (13 bytes)
1764944409.675809 sending message 112 to peer 0x57c135973710 (10 bytes)
1764944409.675813 sending message 112 to peer 0x57c135973710 (13 bytes)
1764944409.675818 sending message 112 to peer 0x57c135973710 (12 bytes)
1764944409.675822 sending message 112 to peer 0x57c135973710 (12 bytes)
1764944409.675826 sending message 112 to peer 0x57c135973710 (12 bytes)
1764944409.675830 sending message 112 to peer 0x57c135973710 (10 bytes)
1764944409.675834 sending message 112 to peer 0x57c135973710 (10 bytes)
1764944409.675838 sending message 112 to peer 0x57c135973710 (10 bytes)
1764944409.675842 sending message 112 to peer 0x57c135973710 (12 bytes)
1764944409.675846 sending message 112 to peer 0x57c135973710 (13 bytes)
1764944409.675851 sending message 112 to peer 0x57c135973710 (13 bytes)
1764944409.675855 sending message 112 to peer 0x57c135973710 (13 bytes)
1764944409.675859 sending message 112 to peer 0x57c135973710 (13 bytes)
1764944409.675864 sending message 112 to peer 0x57c135973710 (13 bytes)
1764944409.675868 sending message 112 to peer 0x57c135973710 (10 bytes)
1764944409.675872 sending message 112 to peer 0x57c135973710 (11 bytes)
1764944409.675876 sending message 112 to peer 0x57c135973710 (12 bytes)
1764944409.675880 sending message 112 to peer 0x57c135973710 (12 bytes)
1764944409.675884 sending message 112 to peer 0x57c135973710 (12 bytes)
1764944409.675889 sending message 112 to peer 0x57c135973710 (12 bytes)
1764944409.675893 sending message 112 to peer 0x57c135973710 (12 bytes)
1764944409.675897 sending message 112 to peer 0x57c135973710 (11 bytes)
1764944409.675902 sending message 112 to peer 0x57c135973710 (12 bytes)
1764944409.675906 sending message 112 to peer 0x57c135973710 (12 bytes)
1764944409.675910 sending message 112 to peer 0x57c135973710 (13 bytes)
1764944409.675914 sending message 112 to peer 0x57c135973710 (13 bytes)
1764944409.675918 sending message 112 to peer 0x57c135973710 (13 bytes)
1764944409.675922 sending message 112 to peer 0x57c135973710 (13 bytes)
1764944409.675926 sending message 112 to peer 0x57c135973710 (13 bytes)
1764944409.675931 sending message 112 to peer 0x57c135973710 (10 bytes)
1764944409.675935 sending message 112 to peer 0x57c135973710 (9 bytes)
1764944409.675939 sending message 112 to peer 0x57c135973710 (12 bytes)
1764944409.675943 sending message 112 to peer 0x57c135973710 (13 bytes)
1764944409.675947 sending message 112 to peer 0x57c135973710 (13 bytes)
1764944409.675956 sending message 112 to peer 0x57c135973710 (13 bytes)
1764944409.675960 sending message 112 to peer 0x57c135973710 (13 bytes)
1764944409.675964 sending message 112 to peer 0x57c135973710 (13 bytes)
1764944409.675969 sending message 112 to peer 0x57c135973710 (9 bytes)
1764944409.675973 sending message 112 to peer 0x57c135973710 (12 bytes)
1764944409.675977 sending message 112 to peer 0x57c135973710 (13 bytes)
1764944409.675981 sending message 112 to peer 0x57c135973710 (13 bytes)
1764944409.675985 sending message 112 to peer 0x57c135973710 (13 bytes)
1764944409.675990 sending message 112 to peer 0x57c135973710 (13 bytes)
1764944409.675994 sending message 112 to peer 0x57c135973710 (13 bytes)
1764944409.675998 sending message 112 to peer 0x57c135973710 (11 bytes)
1764944409.676006 sending message 112 to peer 0x57c135973710 (12 bytes)
1764944409.676010 sending message 112 to peer 0x57c135973710 (13 bytes)
1764944409.676014 sending message 112 to peer 0x57c135973710 (13 bytes)
1764944409.676018 sending message 112 to peer 0x57c135973710 (13 bytes)
1764944409.676022 sending message 112 to peer 0x57c135973710 (13 bytes)
1764944409.676026 sending message 112 to peer 0x57c135973710 (13 bytes)
1764944409.676031 sending message 112 to peer 0x57c135973710 (11 bytes)
1764944409.676035 sending message 112 to peer 0x57c135973710 (12 bytes)
1764944409.676039 sending message 112 to peer 0x57c135973710 (12 bytes)
1764944409.676043 sending message 112 to peer 0x57c135973710 (12 bytes)
1764944409.676047 sending message 112 to peer 0x57c135973710 (12 bytes)
1764944409.676051 sending message 112 to peer 0x57c135973710 (12 bytes)
1764944409.676146 sending message 112 to peer 0x57c135973710 (21 bytes)
1764944409.676174 sending message 112 to peer 0x57c135973710 (12 bytes)
1764944409.676181 sending message 112 to peer 0x57c135973710 (9 bytes)
1764944409.676186 sending message 112 to peer 0x57c135973710 (6 bytes)
1764944409.676190 sending message 112 to peer 0x57c135973710 (13 bytes)
1764944409.676195 sending message 112 to peer 0x57c135973710 (10 bytes)
1764944409.676199 sending message 112 to peer 0x57c135973710 (24 bytes)
1764944409.676204 sending message 112 to peer 0x57c135973710 (13 bytes)
1764944409.676208 sending message 112 to peer 0x57c135973710 (9 bytes)
1764944409.676213 sending message 112 to peer 0x57c135973710 (70 bytes)
1764944409.676229 sending message 112 to peer 0x57c135973710 (69 bytes)
1764944409.676235 sending message 112 to peer 0x57c135973710 (12 bytes)
1764944409.676239 sending message 112 to peer 0x57c135973710 (10 bytes)
1764944409.676244 sending message 112 to peer 0x57c135973710 (10 bytes)
1764944409.676248 sending message 112 to peer 0x57c135973710 (24 bytes)
1764944409.676252 sending message 112 to peer 0x57c135973710 (13 bytes)
1764944409.676256 sending message 112 to peer 0x57c135973710 (10 bytes)
1764944409.676260 sending message 112 to peer 0x57c135973710 (10 bytes)
1764944409.676264 sending message 112 to peer 0x57c135973710 (10 bytes)
1764944409.676268 sending message 112 to peer 0x57c135973710 (13 bytes)
1764944409.676272 sending message 112 to peer 0x57c135973710 (15 bytes)
1764944409.676276 sending message 112 to peer 0x57c135973710 (5 bytes)
1764944409.676301 sending message 104 to peer 0x57c135973710 (0 bytes)
1764944409.676316 sending message 110 to peer 0x57c135973710 (0 bytes)
1764944409.676323 sending message 107 to peer 0x57c135973710 (4 bytes)
1764944409.676327 sending message 105 to peer 0x57c135973710 (16 bytes)
1764944409.676332 sending message 105 to peer 0x57c135973710 (23 bytes)
1764944409.676336 sending message 105 to peer 0x57c135973710 (24 bytes)
1764944409.676340 sending message 105 to peer 0x57c135973710 (31 bytes)
1764944409.676345 sending message 105 to peer 0x57c135973710 (48 bytes)
1764944409.676349 sending message 105 to peer 0x57c135973710 (14 bytes)
1764944409.676353 sending message 105 to peer 0x57c135973710 (25 bytes)
1764944409.676357 sending message 105 to peer 0x57c135973710 (19 bytes)
1764944409.676361 sending message 105 to peer 0x57c135973710 (21 bytes)
1764944409.676378 sending message 105 to peer 0x57c135973710 (21 bytes)
1764944409.676383 sending message 105 to peer 0x57c135973710 (40 bytes)
1764944409.676387 sending message 105 to peer 0x57c135973710 (18 bytes)
1764944409.676392 sending message 105 to peer 0x57c135973710 (21 bytes)
1764944409.676396 sending message 105 to peer 0x57c135973710 (17 bytes)
1764944409.676401 sending message 105 to peer 0x57c135973710 (33 bytes)
1764944409.676405 sending message 105 to peer 0x57c135973710 (1911 bytes)
1764944409.676425 sending message 105 to peer 0x57c135973710 (26 bytes)
1764944409.676430 sending message 105 to peer 0x57c135973710 (20 bytes)
1764944409.676435 sending message 105 to peer 0x57c135973710 (35 bytes)
1764944409.676439 sending message 105 to peer 0x57c135973710 (15 bytes)
1764944409.676443 sending message 105 to peer 0x57c135973710 (11 bytes)
1764944409.676447 sending message 105 to peer 0x57c135973710 (8 bytes)
1764944409.676452 sending message 105 to peer 0x57c135973710 (32 bytes)
1764944409.676456 sending message 105 to peer 0x57c135973710 (33 bytes)
1764944409.676460 sending message 105 to peer 0x57c135973710 (1627 bytes)
1764944409.676465 sending message 105 to peer 0x57c135973710 (54 bytes)
1764944409.676470 sending message 105 to peer 0x57c135973710 (31 bytes)
1764944409.676475 sending message 105 to peer 0x57c135973710 (16 bytes)
1764944409.676480 sending message 105 to peer 0x57c135973710 (40 bytes)
1764944409.676484 sending message 105 to peer 0x57c135973710 (53 bytes)
1764944409.676488 sending message 105 to peer 0x57c135973710 (23 bytes)
1764944409.676492 sending message 105 to peer 0x57c135973710 (17 bytes)
1764944409.676497 sending message 106 to peer 0x57c135973710 (0 bytes)
1764944409.676564 sending message 200 to peer 0x57c135973710 (4 bytes)
1764944409.676570 client loop enter
1764944409.676663 client_signal: Child exited
1764944409.850501 peer 0x57c135973710 message 207
1764944409.850525 sending message 208 to peer 0x57c135973710 (0 bytes)
1764944412.594447 peer 0x57c135973710 message 201
1764944412.594605 sending message 205 to peer 0x57c135973710 (0 bytes)
1764944412.595784 peer 0x57c135973710 message 204
1764944412.595849 client loop exit
